Info: Starting: Create block symbol file (.bsf)
Info: qsys-generate /home/kh/Project/full_custom_leds/hps.qsys --block-symbol-file --output-directory=/home/kh/Project/full_custom_leds/hps --family="Cyclone V" --part=5CSEBA6U23I7
Progress: Loading full_custom_leds/hps.qsys
Progress: Reading input file
Progress: Adding clk_0 [clock_source 22.1]
Progress: Parameterizing module clk_0
Progress: Adding hps_0 [altera_hps 22.1]
Progress: Parameterizing module hps_0
Progress: Adding led [altera_avalon_pio 22.1]
Progress: Parameterizing module led
Progress: Building connections
Progress: Parameterizing connections
Progress: Validating
Progress: Done reading input file
Info: hps.hps_0: HPS Main PLL counter settings: n = 0  m = 63
Info: hps.hps_0: HPS peripherial PLL counter settings: n = 0  m = 39
Info: hps.led: PIO inputs are not hardwired in test bench. Undefined values will be read from PIO inputs during simulation.
Warning: hps.hps_0: Interrupt sender hps_0.h2f_uart0_interrupt is not connected to an interrupt receiver
Warning: hps.hps_0: Interrupt sender hps_0.h2f_uart1_interrupt is not connected to an interrupt receiver
Info: qsys-generate succeeded.
Info: Finished: Create block symbol file (.bsf)
Info: 
Info: Starting: Create HDL design files for synthesis
Info: qsys-generate /home/kh/Project/full_custom_leds/hps.qsys --synthesis=VERILOG --output-directory=/home/kh/Project/full_custom_leds/hps/synthesis --family="Cyclone V" --part=5CSEBA6U23I7
Progress: Loading full_custom_leds/hps.qsys
Progress: Reading input file
Progress: Adding clk_0 [clock_source 22.1]
Progress: Parameterizing module clk_0
Progress: Adding hps_0 [altera_hps 22.1]
Progress: Parameterizing module hps_0
Progress: Adding led [altera_avalon_pio 22.1]
Progress: Parameterizing module led
Progress: Building connections
Progress: Parameterizing connections
Progress: Validating
Progress: Done reading input file
Info: hps.hps_0: HPS Main PLL counter settings: n = 0  m = 63
Info: hps.hps_0: HPS peripherial PLL counter settings: n = 0  m = 39
Info: hps.led: PIO inputs are not hardwired in test bench. Undefined values will be read from PIO inputs during simulation.
Warning: hps.hps_0: Interrupt sender hps_0.h2f_uart0_interrupt is not connected to an interrupt receiver
Warning: hps.hps_0: Interrupt sender hps_0.h2f_uart1_interrupt is not connected to an interrupt receiver
Info: hps: Generating hps "hps" for QUARTUS_SYNTH
Info: Interconnect is inserted between master hps_0.h2f_lw_axi_master and slave led.s1 because the master is of type axi and the slave is of type avalon.
Warning: hps_0.f2h_irq0: Cannot connect clock for irq_mapper.sender
Warning: hps_0.f2h_irq0: Cannot connect reset for irq_mapper.sender
Warning: hps_0.f2h_irq1: Cannot connect clock for irq_mapper_001.sender
Warning: hps_0.f2h_irq1: Cannot connect reset for irq_mapper_001.sender
Info: hps_0: "Running  for module: hps_0"
Info: hps_0: HPS Main PLL counter settings: n = 0  m = 63
Info: hps_0: HPS peripherial PLL counter settings: n = 0  m = 39
Info: hps_0: "hps" instantiated altera_hps "hps_0"
Info: led: Starting RTL generation for module 'hps_led'
Info: led:   Generation command is [exec /opt/intel/quartus/quartus/linux64/perl/bin/perl -I /opt/intel/quartus/quartus/linux64/perl/lib -I /opt/intel/quartus/quartus/sopc_builder/bin/europa -I /opt/intel/quartus/quartus/sopc_builder/bin -I /opt/intel/quartus/quartus/../ip/altera/sopc_builder_ip/common -I /opt/intel/quartus/quartus/../ip/altera/sopc_builder_ip/altera_avalon_pio -- /opt/intel/quartus/quartus/../ip/altera/sopc_builder_ip/altera_avalon_pio/generate_rtl.pl --name=hps_led --dir=/tmp/alt9591_8063999151184858680.dir/0002_led_gen/ --quartus_dir=/opt/intel/quartus/quartus --verilog --config=/tmp/alt9591_8063999151184858680.dir/0002_led_gen//hps_led_component_configuration.pl  --do_build_sim=0  ]
Info: led: Done RTL generation for module 'hps_led'
Info: led: "hps" instantiated altera_avalon_pio "led"
Info: avalon_st_adapter: Inserting error_adapter: error_adapter_0
Info: mm_interconnect_0: "hps" instantiated altera_mm_interconnect "mm_interconnect_0"
Info: irq_mapper: "hps" instantiated altera_irq_mapper "irq_mapper"
Info: rst_controller: "hps" instantiated altera_reset_controller "rst_controller"
Info: fpga_interfaces: "hps_0" instantiated altera_interface_generator "fpga_interfaces"
Info: hps_io: "hps_0" instantiated altera_hps_io "hps_io"
Info: led_s1_translator: "mm_interconnect_0" instantiated altera_merlin_slave_translator "led_s1_translator"
Info: hps_0_h2f_lw_axi_master_agent: "mm_interconnect_0" instantiated altera_merlin_axi_master_ni "hps_0_h2f_lw_axi_master_agent"
Info: led_s1_agent: "mm_interconnect_0" instantiated altera_merlin_slave_agent "led_s1_agent"
Info: led_s1_agent_rsp_fifo: "mm_interconnect_0" instantiated altera_avalon_sc_fifo "led_s1_agent_rsp_fifo"
Info: router: "mm_interconnect_0" instantiated altera_merlin_router "router"
Info: router_002: "mm_interconnect_0" instantiated altera_merlin_router "router_002"
Info: led_s1_burst_adapter: "mm_interconnect_0" instantiated altera_merlin_burst_adapter "led_s1_burst_adapter"
Info: Reusing file /home/kh/Project/full_custom_leds/hps/synthesis/submodules/altera_merlin_address_alignment.sv
Info: cmd_demux: "mm_interconnect_0" instantiated altera_merlin_demultiplexer "cmd_demux"
Info: cmd_mux: "mm_interconnect_0" instantiated altera_merlin_multiplexer "cmd_mux"
Info: rsp_demux: "mm_interconnect_0" instantiated altera_merlin_demultiplexer "rsp_demux"
Info: rsp_mux: "mm_interconnect_0" instantiated altera_merlin_multiplexer "rsp_mux"
Info: Reusing file /home/kh/Project/full_custom_leds/hps/synthesis/submodules/altera_merlin_arbitrator.sv
Info: avalon_st_adapter: "mm_interconnect_0" instantiated altera_avalon_st_adapter "avalon_st_adapter"
Info: border: "hps_io" instantiated altera_interface_generator "border"
Info: error_adapter_0: "avalon_st_adapter" instantiated error_adapter "error_adapter_0"
Info: hps: Done "hps" with 22 modules, 78 files
Info: qsys-generate succeeded.
Info: Finished: Create HDL design files for synthesis
