Flow report for DE10_NANO
Mon Aug 21 20:14:33 2023
Quartus Prime Version 22.1std.0 Build 915 10/25/2022 SC Lite Edition


---------------------
; Table of Contents ;
---------------------
  1. Legal Notice
  2. Flow Summary
  3. Flow Settings
  4. Flow Non-Default Global Settings
  5. Flow Elapsed Time
  6. Flow OS Summary
  7. Flow Log
  8. Flow Messages
  9. Flow Suppressed Messages



----------------
; Legal Notice ;
----------------
Copyright (C) 2022  Intel Corporation. All rights reserved.
Your use of Intel Corporation's design tools, logic functions 
and other software and tools, and any partner logic 
functions, and any output files from any of the foregoing 
(including device programming or simulation files), and any 
associated documentation or information are expressly subject 
to the terms and conditions of the Intel Program License 
Subscription Agreement, the Intel Quartus Prime License Agreement,
the Intel FPGA IP License Agreement, or other applicable license
agreement, including, without limitation, that your use is for
the sole purpose of programming logic devices manufactured by
Intel and sold by Intel or its authorized distributors.  Please
refer to the applicable agreement for further details, at
https://fpgasoftware.intel.com/eula.



+----------------------------------------------------------------------------------+
; Flow Summary                                                                     ;
+---------------------------------+------------------------------------------------+
; Flow Status                     ; Successful - Mon Aug 21 20:14:12 2023          ;
; Quartus Prime Version           ; 22.1std.0 Build 915 10/25/2022 SC Lite Edition ;
; Revision Name                   ; DE10_NANO                                      ;
; Top-level Entity Name           ; DE10_NANO                                      ;
; Family                          ; Cyclone V                                      ;
; Device                          ; 5CSEBA6U23I7                                   ;
; Timing Models                   ; Final                                          ;
; Logic utilization (in ALMs)     ; 174 / 41,910 ( < 1 % )                         ;
; Total registers                 ; 427                                            ;
; Total pins                      ; 105 / 314 ( 33 % )                             ;
; Total virtual pins              ; 0                                              ;
; Total block memory bits         ; 0 / 5,662,720 ( 0 % )                          ;
; Total DSP Blocks                ; 0 / 112 ( 0 % )                                ;
; Total HSSI RX PCSs              ; 0                                              ;
; Total HSSI PMA RX Deserializers ; 0                                              ;
; Total HSSI TX PCSs              ; 0                                              ;
; Total HSSI PMA TX Serializers   ; 0                                              ;
; Total PLLs                      ; 0 / 6 ( 0 % )                                  ;
; Total DLLs                      ; 1 / 4 ( 25 % )                                 ;
+---------------------------------+------------------------------------------------+


+-----------------------------------------+
; Flow Settings                           ;
+-------------------+---------------------+
; Option            ; Setting             ;
+-------------------+---------------------+
; Start date & time ; 08/21/2023 20:12:28 ;
; Main task         ; Compilation         ;
; Revision Name     ; DE10_NANO           ;
+-------------------+---------------------+


+---------------------------------------------------------------------------------------------------------------------------+
; Flow Non-Default Global Settings                                                                                          ;
+---------------------------------------+----------------------------------------+---------------+-------------+------------+
; Assignment Name                       ; Value                                  ; Default Value ; Entity Name ; Section Id ;
+---------------------------------------+----------------------------------------+---------------+-------------+------------+
; COMPILER_SIGNATURE_ID                 ; 256165217598143.169267394720610        ; --            ; --          ; --         ;
; ECO_REGENERATE_REPORT                 ; On                                     ; Off           ; --          ; --         ;
; MAX_CORE_JUNCTION_TEMP                ; 100                                    ; --            ; --          ; --         ;
; MIN_CORE_JUNCTION_TEMP                ; -40                                    ; --            ; --          ; --         ;
; OUTPUT_IO_TIMING_FAR_END_VMEAS        ; Half Signal Swing                      ; --            ; --          ; --         ;
; OUTPUT_IO_TIMING_FAR_END_VMEAS        ; Half Signal Swing                      ; --            ; --          ; --         ;
; OUTPUT_IO_TIMING_NEAR_END_VMEAS       ; Half Vccio                             ; --            ; --          ; --         ;
; OUTPUT_IO_TIMING_NEAR_END_VMEAS       ; Half Vccio                             ; --            ; --          ; --         ;
; PARTITION_COLOR                       ; -- (Not supported for targeted family) ; --            ; --          ; Top        ;
; PARTITION_FITTER_PRESERVATION_LEVEL   ; -- (Not supported for targeted family) ; --            ; --          ; Top        ;
; PARTITION_NETLIST_TYPE                ; -- (Not supported for targeted family) ; --            ; --          ; Top        ;
; POWER_BOARD_THERMAL_MODEL             ; None (CONSERVATIVE)                    ; --            ; --          ; --         ;
; POWER_PRESET_COOLING_SOLUTION         ; 23 MM HEAT SINK WITH 200 LFPM AIRFLOW  ; --            ; --          ; --         ;
; USE_DLL_FREQUENCY_FOR_DQS_DELAY_CHAIN ; On                                     ; Off           ; --          ; --         ;
+---------------------------------------+----------------------------------------+---------------+-------------+------------+


+--------------------------------------------------------------------------------------------------------------------------+
; Flow Elapsed Time                                                                                                        ;
+----------------------+--------------+-------------------------+---------------------+------------------------------------+
; Module Name          ; Elapsed Time ; Average Processors Used ; Peak Virtual Memory ; Total CPU Time (on all processors) ;
+----------------------+--------------+-------------------------+---------------------+------------------------------------+
; Analysis & Synthesis ; 00:00:46     ; 1.0                     ; 979 MB              ; 00:02:09                           ;
; Fitter               ; 00:00:48     ; 1.2                     ; 3593 MB             ; 00:02:19                           ;
; Assembler            ; 00:00:07     ; 1.0                     ; 798 MB              ; 00:00:07                           ;
; Timing Analyzer      ; 00:00:20     ; 1.2                     ; 1944 MB             ; 00:00:23                           ;
; Total                ; 00:02:01     ; --                      ; --                  ; 00:04:58                           ;
+----------------------+--------------+-------------------------+---------------------+------------------------------------+


+---------------------------------------------------------------------------------+
; Flow OS Summary                                                                 ;
+----------------------+------------------+---------+------------+----------------+
; Module Name          ; Machine Hostname ; OS Name ; OS Version ; Processor type ;
+----------------------+------------------+---------+------------+----------------+
; Analysis & Synthesis ; eda              ; Red Hat ; Red Hat    ; x86_64         ;
; Fitter               ; eda              ; Red Hat ; Red Hat    ; x86_64         ;
; Assembler            ; eda              ; Red Hat ; Red Hat    ; x86_64         ;
; Timing Analyzer      ; eda              ; Red Hat ; Red Hat    ; x86_64         ;
+----------------------+------------------+---------+------------+----------------+


------------
; Flow Log ;
------------
quartus_map --read_settings_files=on --write_settings_files=off DE10_NANO -c DE10_NANO
quartus_fit --read_settings_files=off --write_settings_files=off DE10_NANO -c DE10_NANO
quartus_asm --read_settings_files=off --write_settings_files=off DE10_NANO -c DE10_NANO
quartus_sta DE10_NANO -c DE10_NANO



